<?xml version="1.0" encoding="UTF-8"?>
<testng-results skipped="0" failed="0" total="1" passed="1">
  <reporter-output>
  </reporter-output>
  <suite name="Default suite" duration-ms="1440" started-at="2017-02-16T03:26:51Z" finished-at="2017-02-16T03:26:52Z">
    <groups>
    </groups>
    <test name="Default test" duration-ms="1440" started-at="2017-02-16T03:26:51Z" finished-at="2017-02-16T03:26:52Z">
      <class name="com.vmware.transformer.PreCondition.Inventory.MacSet_Delete">
        <test-method status="PASS" signature="deleteMacSet()[pri:0, instance:com.vmware.transformer.PreCondition.Inventory.MacSet_Delete@187b79e]" name="deleteMacSet" duration-ms="1425" started-at="2017-02-16T11:26:51Z" finished-at="2017-02-16T11:26:52Z">
          <reporter-output>
          </reporter-output>
        </test-method> <!-- deleteMacSet -->
      </class> <!-- com.vmware.transformer.PreCondition.Inventory.MacSet_Delete -->
    </test> <!-- Default test -->
  </suite> <!-- Default suite -->
</testng-results>
