<?xml version="1.0" encoding="UTF-8"?>
<testng-results skipped="0" failed="0" total="1" passed="1">
  <reporter-output>
  </reporter-output>
  <suite name="Default suite" duration-ms="433347" started-at="2017-06-27T16:55:26Z" finished-at="2017-06-27T17:02:39Z">
    <groups>
    </groups>
    <test name="Default test" duration-ms="433347" started-at="2017-06-27T16:55:26Z" finished-at="2017-06-27T17:02:39Z">
      <class name="com.vmware.transformer.PreCondition.CombineComponent.CombineComponentsCases">
        <test-method status="PASS" signature="addRouterWithActiveActiveType()[pri:0, instance:com.vmware.transformer.PreCondition.CombineComponent.CombineComponentsCases@48bfd]" name="addRouterWithActiveActiveType" duration-ms="433316" started-at="2017-06-28T00:55:26Z" finished-at="2017-06-28T01:02:39Z">
          <reporter-output>
          </reporter-output>
        </test-method> <!-- addRouterWithActiveActiveType -->
      </class> <!-- com.vmware.transformer.PreCondition.CombineComponent.CombineComponentsCases -->
    </test> <!-- Default test -->
  </suite> <!-- Default suite -->
</testng-results>
